<?xml version="1.0" encoding="UTF-8"?>
<coverage generated="1555578810219" clover="3.2.0">
  <project timestamp="1555578810219" name="All files">
    <metrics statements="61" coveredstatements="61" conditionals="13" coveredconditionals="13" methods="19" coveredmethods="19" elements="93" coveredelements="93" complexity="0" loc="61" ncloc="61" packages="1" files="7" classes="7"/>
    <file name="composer.js" path="/Users/t826308/Projects/kevnz/async-tools/src/composer.js">
      <metrics statements="3" coveredstatements="3" conditionals="0" coveredconditionals="0" methods="2" coveredmethods="2"/>
      <line num="1" count="1" type="stmt"/>
      <line num="17" count="1" type="stmt"/>
      <line num="18" count="7" type="stmt"/>
    </file>
    <file name="delay.js" path="/Users/t826308/Projects/kevnz/async-tools/src/delay.js">
      <metrics statements="2" coveredstatements="2" conditionals="0" coveredconditionals="0" methods="3" coveredmethods="3"/>
      <line num="12" count="6" type="stmt"/>
      <line num="13" count="70" type="stmt"/>
    </file>
    <file name="each.js" path="/Users/t826308/Projects/kevnz/async-tools/src/each.js">
      <metrics statements="3" coveredstatements="3" conditionals="0" coveredconditionals="0" methods="1" coveredmethods="1"/>
      <line num="1" count="1" type="stmt"/>
      <line num="18" count="1" type="stmt"/>
      <line num="19" count="1" type="stmt"/>
    </file>
    <file name="holder.js" path="/Users/t826308/Projects/kevnz/async-tools/src/holder.js">
      <metrics statements="2" coveredstatements="2" conditionals="0" coveredconditionals="0" methods="2" coveredmethods="2"/>
      <line num="18" count="1" type="stmt"/>
      <line num="19" count="4" type="stmt"/>
    </file>
    <file name="mapper.js" path="/Users/t826308/Projects/kevnz/async-tools/src/mapper.js">
      <metrics statements="33" coveredstatements="33" conditionals="9" coveredconditionals="9" methods="5" coveredmethods="5"/>
      <line num="17" count="2" type="cond" truecount="1" falsecount="0"/>
      <line num="18" count="8" type="stmt"/>
      <line num="19" count="8" type="stmt"/>
      <line num="20" count="8" type="stmt"/>
      <line num="21" count="8" type="stmt"/>
      <line num="22" count="8" type="stmt"/>
      <line num="23" count="8" type="stmt"/>
      <line num="24" count="8" type="stmt"/>
      <line num="26" count="8" type="stmt"/>
      <line num="27" count="67" type="cond" truecount="2" falsecount="0"/>
      <line num="28" count="2" type="stmt"/>
      <line num="31" count="65" type="stmt"/>
      <line num="32" count="65" type="stmt"/>
      <line num="33" count="65" type="stmt"/>
      <line num="35" count="65" type="cond" truecount="2" falsecount="0"/>
      <line num="36" count="16" type="stmt"/>
      <line num="38" count="16" type="cond" truecount="2" falsecount="0"/>
      <line num="39" count="6" type="stmt"/>
      <line num="41" count="16" type="stmt"/>
      <line num="44" count="49" type="stmt"/>
      <line num="46" count="49" type="stmt"/>
      <line num="49" count="49" type="stmt"/>
      <line num="50" count="49" type="stmt"/>
      <line num="52" count="2" type="stmt"/>
      <line num="53" count="2" type="stmt"/>
      <line num="57" count="49" type="stmt"/>
      <line num="58" count="49" type="stmt"/>
      <line num="59" count="49" type="stmt"/>
      <line num="63" count="8" type="stmt"/>
      <line num="64" count="18" type="stmt"/>
      <line num="66" count="18" type="cond" truecount="2" falsecount="0"/>
      <line num="67" count="2" type="stmt"/>
      <line num="72" count="2" type="stmt"/>
    </file>
    <file name="reducer.js" path="/Users/t826308/Projects/kevnz/async-tools/src/reducer.js">
      <metrics statements="11" coveredstatements="11" conditionals="2" coveredconditionals="2" methods="3" coveredmethods="3"/>
      <line num="19" count="2" type="stmt"/>
      <line num="20" count="9" type="stmt"/>
      <line num="21" count="9" type="stmt"/>
      <line num="22" count="9" type="stmt"/>
      <line num="23" count="41" type="stmt"/>
      <line num="25" count="41" type="cond" truecount="2" falsecount="0"/>
      <line num="26" count="9" type="stmt"/>
      <line num="27" count="9" type="stmt"/>
      <line num="29" count="32" type="stmt"/>
      <line num="30" count="32" type="stmt"/>
      <line num="33" count="9" type="stmt"/>
    </file>
    <file name="timeout.js" path="/Users/t826308/Projects/kevnz/async-tools/src/timeout.js">
      <metrics statements="7" coveredstatements="7" conditionals="2" coveredconditionals="2" methods="3" coveredmethods="3"/>
      <line num="14" count="1" type="cond" truecount="2" falsecount="0"/>
      <line num="15" count="3" type="stmt"/>
      <line num="16" count="3" type="stmt"/>
      <line num="17" count="2" type="stmt"/>
      <line num="19" count="3" type="stmt"/>
      <line num="20" count="1" type="stmt"/>
      <line num="21" count="1" type="stmt"/>
    </file>
  </project>
</coverage>
