<?xml version="1.0" encoding="UTF-8"?>
<coverage generated="1555220957285" clover="3.2.0">
  <project timestamp="1555220957286" name="All files">
    <metrics statements="54" coveredstatements="54" conditionals="11" coveredconditionals="11" methods="16" coveredmethods="16" elements="81" coveredelements="81" complexity="0" loc="54" ncloc="54" packages="1" files="6" classes="6"/>
    <file name="composer.js" path="/Users/t826308/Projects/kevnz/async-tools/src/composer.js">
      <metrics statements="3" coveredstatements="3" conditionals="0" coveredconditionals="0" methods="2" coveredmethods="2"/>
      <line num="1" count="1" type="stmt"/>
      <line num="2" count="1" type="stmt"/>
      <line num="3" count="7" type="stmt"/>
    </file>
    <file name="delay.js" path="/Users/t826308/Projects/kevnz/async-tools/src/delay.js">
      <metrics statements="2" coveredstatements="2" conditionals="0" coveredconditionals="0" methods="3" coveredmethods="3"/>
      <line num="1" count="5" type="stmt"/>
      <line num="2" count="67" type="stmt"/>
    </file>
    <file name="each.js" path="/Users/t826308/Projects/kevnz/async-tools/src/each.js">
      <metrics statements="3" coveredstatements="3" conditionals="0" coveredconditionals="0" methods="1" coveredmethods="1"/>
      <line num="1" count="1" type="stmt"/>
      <line num="3" count="1" type="stmt"/>
      <line num="4" count="1" type="stmt"/>
    </file>
    <file name="holder.js" path="/Users/t826308/Projects/kevnz/async-tools/src/holder.js">
      <metrics statements="2" coveredstatements="2" conditionals="0" coveredconditionals="0" methods="2" coveredmethods="2"/>
      <line num="1" count="1" type="stmt"/>
      <line num="2" count="4" type="stmt"/>
    </file>
    <file name="mapper.js" path="/Users/t826308/Projects/kevnz/async-tools/src/mapper.js">
      <metrics statements="33" coveredstatements="33" conditionals="9" coveredconditionals="9" methods="5" coveredmethods="5"/>
      <line num="1" count="2" type="cond" truecount="1" falsecount="0"/>
      <line num="2" count="8" type="stmt"/>
      <line num="3" count="8" type="stmt"/>
      <line num="4" count="8" type="stmt"/>
      <line num="5" count="8" type="stmt"/>
      <line num="6" count="8" type="stmt"/>
      <line num="7" count="8" type="stmt"/>
      <line num="8" count="8" type="stmt"/>
      <line num="10" count="8" type="stmt"/>
      <line num="11" count="67" type="cond" truecount="2" falsecount="0"/>
      <line num="12" count="2" type="stmt"/>
      <line num="15" count="65" type="stmt"/>
      <line num="16" count="65" type="stmt"/>
      <line num="17" count="65" type="stmt"/>
      <line num="19" count="65" type="cond" truecount="2" falsecount="0"/>
      <line num="20" count="16" type="stmt"/>
      <line num="22" count="16" type="cond" truecount="2" falsecount="0"/>
      <line num="23" count="6" type="stmt"/>
      <line num="25" count="16" type="stmt"/>
      <line num="28" count="49" type="stmt"/>
      <line num="30" count="49" type="stmt"/>
      <line num="33" count="49" type="stmt"/>
      <line num="34" count="49" type="stmt"/>
      <line num="36" count="2" type="stmt"/>
      <line num="37" count="2" type="stmt"/>
      <line num="41" count="49" type="stmt"/>
      <line num="42" count="49" type="stmt"/>
      <line num="43" count="49" type="stmt"/>
      <line num="47" count="8" type="stmt"/>
      <line num="48" count="18" type="stmt"/>
      <line num="50" count="18" type="cond" truecount="2" falsecount="0"/>
      <line num="51" count="2" type="stmt"/>
      <line num="56" count="2" type="stmt"/>
    </file>
    <file name="reducer.js" path="/Users/t826308/Projects/kevnz/async-tools/src/reducer.js">
      <metrics statements="11" coveredstatements="11" conditionals="2" coveredconditionals="2" methods="3" coveredmethods="3"/>
      <line num="1" count="2" type="stmt"/>
      <line num="2" count="9" type="stmt"/>
      <line num="3" count="9" type="stmt"/>
      <line num="4" count="9" type="stmt"/>
      <line num="5" count="41" type="stmt"/>
      <line num="7" count="41" type="cond" truecount="2" falsecount="0"/>
      <line num="8" count="9" type="stmt"/>
      <line num="9" count="9" type="stmt"/>
      <line num="11" count="32" type="stmt"/>
      <line num="12" count="32" type="stmt"/>
      <line num="15" count="9" type="stmt"/>
    </file>
  </project>
</coverage>
