{"/Users/t826308/Projects/kevnz/async-tools/src/composer.js": {"path":"/Users/t826308/Projects/kevnz/async-tools/src/composer.js","statementMap":{"0":{"start":{"line":1,"column":16},"end":{"line":1,"column":36}},"1":{"start":{"line":17,"column":0},"end":{"line":19,"column":1}},"2":{"start":{"line":18,"column":2},"end":{"line":18,"column":38}},"3":{"start":{"line":18,"column":16},"end":{"line":18,"column":38}}},"fnMap":{"0":{"name":"(anonymous_0)","decl":{"start":{"line":17,"column":17},"end":{"line":17,"column":18}},"loc":{"start":{"line":17,"column":31},"end":{"line":19,"column":1}},"line":17},"1":{"name":"(anonymous_1)","decl":{"start":{"line":18,"column":9},"end":{"line":18,"column":10}},"loc":{"start":{"line":18,"column":16},"end":{"line":18,"column":38}},"line":18}},"branchMap":{},"s":{"0":1,"1":1,"2":7,"3":7},"f":{"0":7,"1":7},"b":{},"_coverageSchema":"43e27e138ebf9cfc5966b082cf9a028302ed4184","hash":"f5087d9dc2435049f901aa809bd07982a2925ec7"}
,"/Users/t826308/Projects/kevnz/async-tools/src/delay.js": {"path":"/Users/t826308/Projects/kevnz/async-tools/src/delay.js","statementMap":{"0":{"start":{"line":12,"column":0},"end":{"line":13,"column":59}},"1":{"start":{"line":13,"column":2},"end":{"line":13,"column":59}},"2":{"start":{"line":13,"column":25},"end":{"line":13,"column":58}},"3":{"start":{"line":13,"column":42},"end":{"line":13,"column":51}}},"fnMap":{"0":{"name":"(anonymous_0)","decl":{"start":{"line":12,"column":17},"end":{"line":12,"column":18}},"loc":{"start":{"line":13,"column":2},"end":{"line":13,"column":59}},"line":13},"1":{"name":"(anonymous_1)","decl":{"start":{"line":13,"column":14},"end":{"line":13,"column":15}},"loc":{"start":{"line":13,"column":25},"end":{"line":13,"column":58}},"line":13},"2":{"name":"(anonymous_2)","decl":{"start":{"line":13,"column":36},"end":{"line":13,"column":37}},"loc":{"start":{"line":13,"column":42},"end":{"line":13,"column":51}},"line":13}},"branchMap":{},"s":{"0":8,"1":469,"2":469,"3":467},"f":{"0":469,"1":469,"2":467},"b":{},"_coverageSchema":"43e27e138ebf9cfc5966b082cf9a028302ed4184","hash":"9817f99f2b6b9bbf52eea82db1e02570e58b3d83"}
,"/Users/t826308/Projects/kevnz/async-tools/src/do-while.js": {"path":"/Users/t826308/Projects/kevnz/async-tools/src/do-while.js","statementMap":{"0":{"start":{"line":15,"column":16},"end":{"line":21,"column":1}},"1":{"start":{"line":16,"column":2},"end":{"line":16,"column":14}},"2":{"start":{"line":18,"column":2},"end":{"line":20,"column":3}},"3":{"start":{"line":19,"column":4},"end":{"line":19,"column":35}},"4":{"start":{"line":23,"column":0},"end":{"line":23,"column":24}}},"fnMap":{"0":{"name":"(anonymous_0)","decl":{"start":{"line":15,"column":16},"end":{"line":15,"column":17}},"loc":{"start":{"line":15,"column":43},"end":{"line":21,"column":1}},"line":15}},"branchMap":{"0":{"loc":{"start":{"line":18,"column":2},"end":{"line":20,"column":3}},"type":"if","locations":[{"start":{"line":18,"column":2},"end":{"line":20,"column":3}},{"start":{"line":18,"column":2},"end":{"line":20,"column":3}}],"line":18}},"s":{"0":1,"1":201,"2":201,"3":198,"4":1},"f":{"0":201},"b":{"0":[198,3]},"_coverageSchema":"43e27e138ebf9cfc5966b082cf9a028302ed4184","hash":"ef058c65148b3d88c1f7a4a69b5957cdcc530a18"}
,"/Users/t826308/Projects/kevnz/async-tools/src/each.js": {"path":"/Users/t826308/Projects/kevnz/async-tools/src/each.js","statementMap":{"0":{"start":{"line":1,"column":15},"end":{"line":1,"column":34}},"1":{"start":{"line":18,"column":0},"end":{"line":20,"column":1}},"2":{"start":{"line":19,"column":2},"end":{"line":19,"column":45}}},"fnMap":{"0":{"name":"(anonymous_0)","decl":{"start":{"line":18,"column":17},"end":{"line":18,"column":18}},"loc":{"start":{"line":18,"column":48},"end":{"line":20,"column":1}},"line":18}},"branchMap":{},"s":{"0":1,"1":1,"2":1},"f":{"0":1},"b":{},"_coverageSchema":"43e27e138ebf9cfc5966b082cf9a028302ed4184","hash":"5dac62e9a4bf1bc41c364a08bdcd9131a2c429b8"}
,"/Users/t826308/Projects/kevnz/async-tools/src/holder.js": {"path":"/Users/t826308/Projects/kevnz/async-tools/src/holder.js","statementMap":{"0":{"start":{"line":18,"column":0},"end":{"line":20,"column":1}},"1":{"start":{"line":19,"column":2},"end":{"line":19,"column":36}},"2":{"start":{"line":19,"column":16},"end":{"line":19,"column":36}}},"fnMap":{"0":{"name":"(anonymous_0)","decl":{"start":{"line":18,"column":17},"end":{"line":18,"column":18}},"loc":{"start":{"line":18,"column":38},"end":{"line":20,"column":1}},"line":18},"1":{"name":"(anonymous_1)","decl":{"start":{"line":19,"column":9},"end":{"line":19,"column":10}},"loc":{"start":{"line":19,"column":16},"end":{"line":19,"column":36}},"line":19}},"branchMap":{},"s":{"0":1,"1":4,"2":4},"f":{"0":4,"1":4},"b":{},"_coverageSchema":"43e27e138ebf9cfc5966b082cf9a028302ed4184","hash":"667715503ab2576a5623af7136bbf73f18660b73"}
,"/Users/t826308/Projects/kevnz/async-tools/src/mapper.js": {"path":"/Users/t826308/Projects/kevnz/async-tools/src/mapper.js","statementMap":{"0":{"start":{"line":17,"column":15},"end":{"line":70,"column":4}},"1":{"start":{"line":18,"column":2},"end":{"line":70,"column":4}},"2":{"start":{"line":19,"column":20},"end":{"line":19,"column":22}},"3":{"start":{"line":20,"column":21},"end":{"line":20,"column":48}},"4":{"start":{"line":21,"column":21},"end":{"line":21,"column":26}},"5":{"start":{"line":22,"column":29},"end":{"line":22,"column":34}},"6":{"start":{"line":23,"column":25},"end":{"line":23,"column":26}},"7":{"start":{"line":24,"column":23},"end":{"line":24,"column":24}},"8":{"start":{"line":26,"column":17},"end":{"line":61,"column":5}},"9":{"start":{"line":27,"column":6},"end":{"line":29,"column":7}},"10":{"start":{"line":28,"column":8},"end":{"line":28,"column":14}},"11":{"start":{"line":31,"column":23},"end":{"line":31,"column":38}},"12":{"start":{"line":32,"column":16},"end":{"line":32,"column":28}},"13":{"start":{"line":33,"column":6},"end":{"line":33,"column":20}},"14":{"start":{"line":35,"column":6},"end":{"line":42,"column":7}},"15":{"start":{"line":36,"column":8},"end":{"line":36,"column":33}},"16":{"start":{"line":38,"column":8},"end":{"line":40,"column":9}},"17":{"start":{"line":39,"column":10},"end":{"line":39,"column":26}},"18":{"start":{"line":41,"column":8},"end":{"line":41,"column":14}},"19":{"start":{"line":44,"column":6},"end":{"line":44,"column":22}},"20":{"start":{"line":46,"column":6},"end":{"line":60,"column":10}},"21":{"start":{"line":49,"column":10},"end":{"line":54,"column":11}},"22":{"start":{"line":50,"column":12},"end":{"line":50,"column":52}},"23":{"start":{"line":52,"column":12},"end":{"line":52,"column":29}},"24":{"start":{"line":53,"column":12},"end":{"line":53,"column":30}},"25":{"start":{"line":57,"column":10},"end":{"line":57,"column":28}},"26":{"start":{"line":58,"column":10},"end":{"line":58,"column":26}},"27":{"start":{"line":59,"column":10},"end":{"line":59,"column":23}},"28":{"start":{"line":63,"column":4},"end":{"line":69,"column":5}},"29":{"start":{"line":63,"column":17},"end":{"line":63,"column":18}},"30":{"start":{"line":64,"column":6},"end":{"line":64,"column":12}},"31":{"start":{"line":66,"column":6},"end":{"line":68,"column":7}},"32":{"start":{"line":67,"column":8},"end":{"line":67,"column":13}},"33":{"start":{"line":72,"column":0},"end":{"line":72,"column":23}}},"fnMap":{"0":{"name":"(anonymous_0)","decl":{"start":{"line":17,"column":15},"end":{"line":17,"column":16}},"loc":{"start":{"line":18,"column":2},"end":{"line":70,"column":4}},"line":18},"1":{"name":"(anonymous_1)","decl":{"start":{"line":18,"column":14},"end":{"line":18,"column":15}},"loc":{"start":{"line":18,"column":35},"end":{"line":70,"column":3}},"line":18},"2":{"name":"(anonymous_2)","decl":{"start":{"line":26,"column":17},"end":{"line":26,"column":18}},"loc":{"start":{"line":26,"column":23},"end":{"line":61,"column":5}},"line":26},"3":{"name":"(anonymous_3)","decl":{"start":{"line":48,"column":14},"end":{"line":48,"column":15}},"loc":{"start":{"line":48,"column":31},"end":{"line":55,"column":9}},"line":48},"4":{"name":"(anonymous_4)","decl":{"start":{"line":56,"column":14},"end":{"line":56,"column":15}},"loc":{"start":{"line":56,"column":23},"end":{"line":60,"column":9}},"line":56}},"branchMap":{"0":{"loc":{"start":{"line":17,"column":43},"end":{"line":17,"column":65}},"type":"default-arg","locations":[{"start":{"line":17,"column":57},"end":{"line":17,"column":65}}],"line":17},"1":{"loc":{"start":{"line":27,"column":6},"end":{"line":29,"column":7}},"type":"if","locations":[{"start":{"line":27,"column":6},"end":{"line":29,"column":7}},{"start":{"line":27,"column":6},"end":{"line":29,"column":7}}],"line":27},"2":{"loc":{"start":{"line":35,"column":6},"end":{"line":42,"column":7}},"type":"if","locations":[{"start":{"line":35,"column":6},"end":{"line":42,"column":7}},{"start":{"line":35,"column":6},"end":{"line":42,"column":7}}],"line":35},"3":{"loc":{"start":{"line":38,"column":8},"end":{"line":40,"column":9}},"type":"if","locations":[{"start":{"line":38,"column":8},"end":{"line":40,"column":9}},{"start":{"line":38,"column":8},"end":{"line":40,"column":9}}],"line":38},"4":{"loc":{"start":{"line":66,"column":6},"end":{"line":68,"column":7}},"type":"if","locations":[{"start":{"line":66,"column":6},"end":{"line":68,"column":7}},{"start":{"line":66,"column":6},"end":{"line":68,"column":7}}],"line":66}},"s":{"0":2,"1":8,"2":8,"3":8,"4":8,"5":8,"6":8,"7":8,"8":8,"9":67,"10":2,"11":65,"12":65,"13":65,"14":65,"15":16,"16":16,"17":6,"18":16,"19":49,"20":49,"21":49,"22":49,"23":2,"24":2,"25":49,"26":49,"27":49,"28":8,"29":8,"30":18,"31":18,"32":2,"33":2},"f":{"0":8,"1":8,"2":67,"3":49,"4":49},"b":{"0":[2],"1":[2,65],"2":[16,49],"3":[6,10],"4":[2,16]},"_coverageSchema":"43e27e138ebf9cfc5966b082cf9a028302ed4184","hash":"6e290d13c741581027e5050fa048d2dba47f6ab0"}
,"/Users/t826308/Projects/kevnz/async-tools/src/reducer.js": {"path":"/Users/t826308/Projects/kevnz/async-tools/src/reducer.js","statementMap":{"0":{"start":{"line":19,"column":0},"end":{"line":34,"column":4}},"1":{"start":{"line":20,"column":2},"end":{"line":34,"column":4}},"2":{"start":{"line":21,"column":21},"end":{"line":21,"column":45}},"3":{"start":{"line":22,"column":17},"end":{"line":31,"column":5}},"4":{"start":{"line":23,"column":17},"end":{"line":23,"column":32}},"5":{"start":{"line":25,"column":6},"end":{"line":28,"column":7}},"6":{"start":{"line":26,"column":8},"end":{"line":26,"column":22}},"7":{"start":{"line":27,"column":8},"end":{"line":27,"column":14}},"8":{"start":{"line":29,"column":21},"end":{"line":29,"column":42}},"9":{"start":{"line":30,"column":6},"end":{"line":30,"column":18}},"10":{"start":{"line":33,"column":4},"end":{"line":33,"column":20}}},"fnMap":{"0":{"name":"(anonymous_0)","decl":{"start":{"line":19,"column":17},"end":{"line":19,"column":18}},"loc":{"start":{"line":20,"column":2},"end":{"line":34,"column":4}},"line":20},"1":{"name":"(anonymous_1)","decl":{"start":{"line":20,"column":14},"end":{"line":20,"column":15}},"loc":{"start":{"line":20,"column":35},"end":{"line":34,"column":3}},"line":20},"2":{"name":"(anonymous_2)","decl":{"start":{"line":22,"column":17},"end":{"line":22,"column":18}},"loc":{"start":{"line":22,"column":32},"end":{"line":31,"column":5}},"line":22}},"branchMap":{"0":{"loc":{"start":{"line":25,"column":6},"end":{"line":28,"column":7}},"type":"if","locations":[{"start":{"line":25,"column":6},"end":{"line":28,"column":7}},{"start":{"line":25,"column":6},"end":{"line":28,"column":7}}],"line":25}},"s":{"0":2,"1":9,"2":9,"3":9,"4":41,"5":41,"6":9,"7":9,"8":32,"9":32,"10":9},"f":{"0":9,"1":9,"2":41},"b":{"0":[9,32]},"_coverageSchema":"43e27e138ebf9cfc5966b082cf9a028302ed4184","hash":"ea9bab58317c1b313ee9ea63088578a1a9a52777"}
,"/Users/t826308/Projects/kevnz/async-tools/src/timeout.js": {"path":"/Users/t826308/Projects/kevnz/async-tools/src/timeout.js","statementMap":{"0":{"start":{"line":14,"column":0},"end":{"line":22,"column":4}},"1":{"start":{"line":15,"column":2},"end":{"line":22,"column":4}},"2":{"start":{"line":16,"column":18},"end":{"line":18,"column":12}},"3":{"start":{"line":17,"column":6},"end":{"line":17,"column":57}},"4":{"start":{"line":19,"column":19},"end":{"line":19,"column":31}},"5":{"start":{"line":20,"column":4},"end":{"line":20,"column":23}},"6":{"start":{"line":21,"column":4},"end":{"line":21,"column":26}}},"fnMap":{"0":{"name":"(anonymous_0)","decl":{"start":{"line":14,"column":17},"end":{"line":14,"column":18}},"loc":{"start":{"line":15,"column":2},"end":{"line":22,"column":4}},"line":15},"1":{"name":"(anonymous_1)","decl":{"start":{"line":15,"column":14},"end":{"line":15,"column":15}},"loc":{"start":{"line":15,"column":41},"end":{"line":22,"column":3}},"line":15},"2":{"name":"(anonymous_2)","decl":{"start":{"line":16,"column":29},"end":{"line":16,"column":30}},"loc":{"start":{"line":16,"column":35},"end":{"line":18,"column":5}},"line":16}},"branchMap":{"0":{"loc":{"start":{"line":14,"column":30},"end":{"line":14,"column":47}},"type":"default-arg","locations":[{"start":{"line":14,"column":38},"end":{"line":14,"column":47}}],"line":14},"1":{"loc":{"start":{"line":14,"column":49},"end":{"line":14,"column":59}},"type":"default-arg","locations":[{"start":{"line":14,"column":56},"end":{"line":14,"column":59}}],"line":14}},"s":{"0":1,"1":3,"2":3,"3":2,"4":3,"5":1,"6":1},"f":{"0":3,"1":3,"2":2},"b":{"0":[1],"1":[1]},"_coverageSchema":"43e27e138ebf9cfc5966b082cf9a028302ed4184","hash":"410ebbb22c82fe398c42937e0492b1a1d115593e"}
,"/Users/t826308/Projects/kevnz/async-tools/src/while-do.js": {"path":"/Users/t826308/Projects/kevnz/async-tools/src/while-do.js","statementMap":{"0":{"start":{"line":14,"column":16},"end":{"line":19,"column":1}},"1":{"start":{"line":15,"column":2},"end":{"line":18,"column":3}},"2":{"start":{"line":16,"column":4},"end":{"line":16,"column":16}},"3":{"start":{"line":17,"column":4},"end":{"line":17,"column":35}},"4":{"start":{"line":21,"column":0},"end":{"line":21,"column":24}}},"fnMap":{"0":{"name":"(anonymous_0)","decl":{"start":{"line":14,"column":16},"end":{"line":14,"column":17}},"loc":{"start":{"line":14,"column":43},"end":{"line":19,"column":1}},"line":14}},"branchMap":{"0":{"loc":{"start":{"line":15,"column":2},"end":{"line":18,"column":3}},"type":"if","locations":[{"start":{"line":15,"column":2},"end":{"line":18,"column":3}},{"start":{"line":15,"column":2},"end":{"line":18,"column":3}}],"line":15}},"s":{"0":1,"1":201,"2":198,"3":198,"4":1},"f":{"0":201},"b":{"0":[198,3]},"_coverageSchema":"43e27e138ebf9cfc5966b082cf9a028302ed4184","hash":"b63d6825addaae930511420a31255a9228b38ccd"}
}
