TN:
SF:/Users/t826308/Projects/kevnz/async-tools/src/composer.js
FN:2,(anonymous_0)
FN:3,(anonymous_1)
FNF:2
FNH:2
FNDA:7,(anonymous_0)
FNDA:7,(anonymous_1)
DA:1,1
DA:2,1
DA:3,7
LF:3
LH:3
BRF:0
BRH:0
end_of_record
TN:
SF:/Users/t826308/Projects/kevnz/async-tools/src/delay.js
FN:1,(anonymous_0)
FN:2,(anonymous_1)
FN:2,(anonymous_2)
FNF:3
FNH:3
FNDA:67,(anonymous_0)
FNDA:67,(anonymous_1)
FNDA:67,(anonymous_2)
DA:1,5
DA:2,67
LF:2
LH:2
BRF:0
BRH:0
end_of_record
TN:
SF:/Users/t826308/Projects/kevnz/async-tools/src/each.js
FN:3,(anonymous_0)
FNF:1
FNH:1
FNDA:1,(anonymous_0)
DA:1,1
DA:3,1
DA:4,1
LF:3
LH:3
BRF:0
BRH:0
end_of_record
TN:
SF:/Users/t826308/Projects/kevnz/async-tools/src/holder.js
FN:1,(anonymous_0)
FN:2,(anonymous_1)
FNF:2
FNH:2
FNDA:4,(anonymous_0)
FNDA:4,(anonymous_1)
DA:1,1
DA:2,4
LF:2
LH:2
BRF:0
BRH:0
end_of_record
TN:
SF:/Users/t826308/Projects/kevnz/async-tools/src/mapper.js
FN:1,(anonymous_0)
FN:2,(anonymous_1)
FN:10,(anonymous_2)
FN:32,(anonymous_3)
FN:40,(anonymous_4)
FNF:5
FNH:5
FNDA:8,(anonymous_0)
FNDA:8,(anonymous_1)
FNDA:67,(anonymous_2)
FNDA:49,(anonymous_3)
FNDA:49,(anonymous_4)
DA:1,2
DA:2,8
DA:3,8
DA:4,8
DA:5,8
DA:6,8
DA:7,8
DA:8,8
DA:10,8
DA:11,67
DA:12,2
DA:15,65
DA:16,65
DA:17,65
DA:19,65
DA:20,16
DA:22,16
DA:23,6
DA:25,16
DA:28,49
DA:30,49
DA:33,49
DA:34,49
DA:36,2
DA:37,2
DA:41,49
DA:42,49
DA:43,49
DA:47,8
DA:48,18
DA:50,18
DA:51,2
DA:56,2
LF:33
LH:33
BRDA:1,0,0,2
BRDA:11,1,0,2
BRDA:11,1,1,65
BRDA:19,2,0,16
BRDA:19,2,1,49
BRDA:22,3,0,6
BRDA:22,3,1,10
BRDA:50,4,0,2
BRDA:50,4,1,16
BRF:9
BRH:9
end_of_record
TN:
SF:/Users/t826308/Projects/kevnz/async-tools/src/reducer.js
FN:1,(anonymous_0)
FN:2,(anonymous_1)
FN:4,(anonymous_2)
FNF:3
FNH:3
FNDA:9,(anonymous_0)
FNDA:9,(anonymous_1)
FNDA:41,(anonymous_2)
DA:1,2
DA:2,9
DA:3,9
DA:4,9
DA:5,41
DA:7,41
DA:8,9
DA:9,9
DA:11,32
DA:12,32
DA:15,9
LF:11
LH:11
BRDA:7,0,0,9
BRDA:7,0,1,32
BRF:2
BRH:2
end_of_record
