TN:
SF:/Users/t826308/Projects/kevnz/async-tools/src/composer.js
FN:17,(anonymous_0)
FN:18,(anonymous_1)
FNF:2
FNH:2
FNDA:7,(anonymous_0)
FNDA:7,(anonymous_1)
DA:1,1
DA:17,1
DA:18,7
LF:3
LH:3
BRF:0
BRH:0
end_of_record
TN:
SF:/Users/t826308/Projects/kevnz/async-tools/src/delay.js
FN:12,(anonymous_0)
FN:13,(anonymous_1)
FN:13,(anonymous_2)
FNF:3
FNH:3
FNDA:469,(anonymous_0)
FNDA:469,(anonymous_1)
FNDA:467,(anonymous_2)
DA:12,8
DA:13,469
LF:2
LH:2
BRF:0
BRH:0
end_of_record
TN:
SF:/Users/t826308/Projects/kevnz/async-tools/src/do-while.js
FN:15,(anonymous_0)
FNF:1
FNH:1
FNDA:201,(anonymous_0)
DA:15,1
DA:16,201
DA:18,201
DA:19,198
DA:23,1
LF:5
LH:5
BRDA:18,0,0,198
BRDA:18,0,1,3
BRF:2
BRH:2
end_of_record
TN:
SF:/Users/t826308/Projects/kevnz/async-tools/src/each.js
FN:18,(anonymous_0)
FNF:1
FNH:1
FNDA:1,(anonymous_0)
DA:1,1
DA:18,1
DA:19,1
LF:3
LH:3
BRF:0
BRH:0
end_of_record
TN:
SF:/Users/t826308/Projects/kevnz/async-tools/src/holder.js
FN:18,(anonymous_0)
FN:19,(anonymous_1)
FNF:2
FNH:2
FNDA:4,(anonymous_0)
FNDA:4,(anonymous_1)
DA:18,1
DA:19,4
LF:2
LH:2
BRF:0
BRH:0
end_of_record
TN:
SF:/Users/t826308/Projects/kevnz/async-tools/src/mapper.js
FN:17,(anonymous_0)
FN:18,(anonymous_1)
FN:26,(anonymous_2)
FN:48,(anonymous_3)
FN:56,(anonymous_4)
FNF:5
FNH:5
FNDA:8,(anonymous_0)
FNDA:8,(anonymous_1)
FNDA:67,(anonymous_2)
FNDA:49,(anonymous_3)
FNDA:49,(anonymous_4)
DA:17,2
DA:18,8
DA:19,8
DA:20,8
DA:21,8
DA:22,8
DA:23,8
DA:24,8
DA:26,8
DA:27,67
DA:28,2
DA:31,65
DA:32,65
DA:33,65
DA:35,65
DA:36,16
DA:38,16
DA:39,6
DA:41,16
DA:44,49
DA:46,49
DA:49,49
DA:50,49
DA:52,2
DA:53,2
DA:57,49
DA:58,49
DA:59,49
DA:63,8
DA:64,18
DA:66,18
DA:67,2
DA:72,2
LF:33
LH:33
BRDA:17,0,0,2
BRDA:27,1,0,2
BRDA:27,1,1,65
BRDA:35,2,0,16
BRDA:35,2,1,49
BRDA:38,3,0,6
BRDA:38,3,1,10
BRDA:66,4,0,2
BRDA:66,4,1,16
BRF:9
BRH:9
end_of_record
TN:
SF:/Users/t826308/Projects/kevnz/async-tools/src/reducer.js
FN:19,(anonymous_0)
FN:20,(anonymous_1)
FN:22,(anonymous_2)
FNF:3
FNH:3
FNDA:9,(anonymous_0)
FNDA:9,(anonymous_1)
FNDA:41,(anonymous_2)
DA:19,2
DA:20,9
DA:21,9
DA:22,9
DA:23,41
DA:25,41
DA:26,9
DA:27,9
DA:29,32
DA:30,32
DA:33,9
LF:11
LH:11
BRDA:25,0,0,9
BRDA:25,0,1,32
BRF:2
BRH:2
end_of_record
TN:
SF:/Users/t826308/Projects/kevnz/async-tools/src/timeout.js
FN:14,(anonymous_0)
FN:15,(anonymous_1)
FN:16,(anonymous_2)
FNF:3
FNH:3
FNDA:3,(anonymous_0)
FNDA:3,(anonymous_1)
FNDA:2,(anonymous_2)
DA:14,1
DA:15,3
DA:16,3
DA:17,2
DA:19,3
DA:20,1
DA:21,1
LF:7
LH:7
BRDA:14,0,0,1
BRDA:14,1,0,1
BRF:2
BRH:2
end_of_record
TN:
SF:/Users/t826308/Projects/kevnz/async-tools/src/while-do.js
FN:14,(anonymous_0)
FNF:1
FNH:1
FNDA:201,(anonymous_0)
DA:14,1
DA:15,201
DA:16,198
DA:17,198
DA:21,1
LF:5
LH:5
BRDA:15,0,0,198
BRDA:15,0,1,3
BRF:2
BRH:2
end_of_record
